2022-03-08 06:50:52,110 INFO o.a.j.u.JMeterUtils: Setting Locale to en_EN
2022-03-08 06:50:52,133 INFO o.a.j.JMeter: Loading user properties from: user.properties
2022-03-08 06:50:52,135 INFO o.a.j.JMeter: Loading system properties from: system.properties
2022-03-08 06:50:52,137 INFO o.a.j.JMeter: Copyright (c) 1998-2020 The Apache Software Foundation
2022-03-08 06:50:52,137 INFO o.a.j.JMeter: Version 5.3
2022-03-08 06:50:52,137 INFO o.a.j.JMeter: java.version=16.0.1
2022-03-08 06:50:52,137 INFO o.a.j.JMeter: java.vm.name=Java HotSpot(TM) 64-Bit Server VM
2022-03-08 06:50:52,137 INFO o.a.j.JMeter: os.name=Windows 10
2022-03-08 06:50:52,137 INFO o.a.j.JMeter: os.arch=amd64
2022-03-08 06:50:52,137 INFO o.a.j.JMeter: os.version=10.0
2022-03-08 06:50:52,138 INFO o.a.j.JMeter: file.encoding=Cp1252
2022-03-08 06:50:52,138 INFO o.a.j.JMeter: java.awt.headless=null
2022-03-08 06:50:52,138 INFO o.a.j.JMeter: Max memory     =1073741824
2022-03-08 06:50:52,138 INFO o.a.j.JMeter: Available Processors =8
2022-03-08 06:50:52,150 INFO o.a.j.JMeter: Default Locale=English (EN)
2022-03-08 06:50:52,150 INFO o.a.j.JMeter: JMeter  Locale=English (EN)
2022-03-08 06:50:52,150 INFO o.a.j.JMeter: JMeterHome=C:\Users\Abdellah SEDKI\Downloads\apache-jmeter-5.3
2022-03-08 06:50:52,150 INFO o.a.j.JMeter: user.dir  =C:\Users\Abdellah SEDKI\Downloads\apache-jmeter-5.3\bin
2022-03-08 06:50:52,151 INFO o.a.j.JMeter: PWD       =C:\Users\Abdellah SEDKI\Downloads\apache-jmeter-5.3\bin
2022-03-08 06:50:56,674 INFO o.a.j.JMeter: IP: 192.168.56.1 Name: abdellah FullName: abdellah
2022-03-08 06:50:56,962 INFO o.a.j.JMeter: Setting LAF to: laf:com.sun.java.swing.plaf.windows.WindowsClassicLookAndFeel
2022-03-08 06:50:57,131 INFO o.a.j.JMeter: Loaded icon properties from org/apache/jmeter/images/icon.properties
2022-03-08 06:50:58,860 INFO o.j.r.JARSourceHTTP: Found cached repo
2022-03-08 06:50:59,189 INFO o.j.r.PluginManager: Plugins Status: [jpgc-casutg=2.9, jpgc-plugins-manager=1.4, jmeter-core=5.3, jmeter-ftp=5.3, jmeter-http=5.3, jmeter-jdbc=5.3, jmeter-jms=5.3, jmeter-junit=5.3, jmeter-java=5.3, jmeter-ldap=5.3, jmeter-mail=5.3, jmeter-mongodb=5.3, jmeter-native=5.3, jmeter-tcp=5.3, jmeter-components=5.3]
2022-03-08 06:50:59,191 INFO o.j.r.PluginManagerMenuItem: Plugins Manager has upgrades: [jpgc-casutg, jpgc-plugins-manager]
2022-03-08 06:51:07,302 INFO o.a.j.s.FileServer: Default base='C:\Users\Abdellah SEDKI\Downloads\apache-jmeter-5.3\bin'
2022-03-08 06:51:07,310 INFO o.a.j.g.a.Load: Loading file: C:\Users\Abdellah SEDKI\Downloads\apache-jmeter-5.3\bin\JMETER-SEDKI\jmeter-students.jmx
2022-03-08 06:51:07,310 INFO o.a.j.s.FileServer: Set new base='C:\Users\Abdellah SEDKI\Downloads\apache-jmeter-5.3\bin\JMETER-SEDKI'
2022-03-08 06:51:07,574 INFO o.a.j.s.SaveService: Testplan (JMX) version: 2.2. Testlog (JTL) version: 2.2
2022-03-08 06:51:07,585 INFO o.a.j.s.SaveService: Using SaveService properties version 5.0
2022-03-08 06:51:07,587 INFO o.a.j.s.SaveService: Using SaveService properties file encoding UTF-8
2022-03-08 06:51:07,588 INFO o.a.j.s.SaveService: Loading file: C:\Users\Abdellah SEDKI\Downloads\apache-jmeter-5.3\bin\JMETER-SEDKI\jmeter-students.jmx
2022-03-08 06:51:07,807 INFO o.a.j.p.h.c.CookieManager: Settings: Delete null: true Check: true Allow variable: true Save: false Prefix: COOKIE_
2022-03-08 06:51:07,811 INFO o.a.j.p.h.s.HTTPSamplerBase: Parser for text/html is org.apache.jmeter.protocol.http.parser.LagartoBasedHtmlParser
2022-03-08 06:51:07,812 INFO o.a.j.p.h.s.HTTPSamplerBase: Parser for application/xhtml+xml is org.apache.jmeter.protocol.http.parser.LagartoBasedHtmlParser
2022-03-08 06:51:07,812 INFO o.a.j.p.h.s.HTTPSamplerBase: Parser for application/xml is org.apache.jmeter.protocol.http.parser.LagartoBasedHtmlParser
2022-03-08 06:51:07,812 INFO o.a.j.p.h.s.HTTPSamplerBase: Parser for text/xml is org.apache.jmeter.protocol.http.parser.LagartoBasedHtmlParser
2022-03-08 06:51:07,812 INFO o.a.j.p.h.s.HTTPSamplerBase: Parser for text/vnd.wap.wml is org.apache.jmeter.protocol.http.parser.RegexpHTMLParser
2022-03-08 06:51:07,812 INFO o.a.j.p.h.s.HTTPSamplerBase: Parser for text/css is org.apache.jmeter.protocol.http.parser.CssParser
2022-03-08 06:51:08,194 INFO o.a.j.e.KeyToolUtils: keytool found at 'keytool'
2022-03-08 06:51:08,200 INFO o.a.j.p.h.p.ProxyControl: HTTP(S) Test Script Recorder SSL Proxy will use keys that support embedded 3rd party resources in file C:\Users\Abdellah SEDKI\Downloads\apache-jmeter-5.3\bin\proxyserver.jks
2022-03-08 06:51:08,945 INFO o.a.j.s.SampleResult: Note: Sample TimeStamps are START times
2022-03-08 06:51:08,946 INFO o.a.j.s.SampleResult: sampleresult.default.encoding is set to ISO-8859-1
2022-03-08 06:51:08,946 INFO o.a.j.s.SampleResult: sampleresult.useNanoTime=true
2022-03-08 06:51:08,946 INFO o.a.j.s.SampleResult: sampleresult.nanoThreadSleep=5000
2022-03-08 06:51:09,215 INFO o.a.j.v.ViewResultsFullVisualizer: Add JavaFX to your Java installation if you want to use renderer: org.apache.jmeter.visualizers.RenderInBrowser
2022-03-08 06:51:09,400 INFO o.a.j.v.ViewResultsFullVisualizer: Add JavaFX to your Java installation if you want to use renderer: org.apache.jmeter.visualizers.RenderInBrowser
2022-03-08 06:51:09,480 INFO o.a.j.e.u.CompoundVariable: Note: Function class names must contain the string: '.functions.'
2022-03-08 06:51:09,480 INFO o.a.j.e.u.CompoundVariable: Note: Function class names must not contain the string: '.gui.'
2022-03-08 06:51:09,570 INFO o.a.j.s.FileServer: Set new base='C:\Users\Abdellah SEDKI\Downloads\apache-jmeter-5.3\bin\JMETER-SEDKI'
2022-03-08 06:51:31,730 INFO o.a.j.e.StandardJMeterEngine: Running the test!
2022-03-08 06:51:31,733 INFO o.a.j.s.SampleEvent: List of sample_variables: []
2022-03-08 06:51:31,733 INFO o.a.j.s.SampleEvent: List of sample_variables: []
2022-03-08 06:51:31,754 INFO o.a.j.g.u.JMeterMenuBar: setRunning(true, *local*)
2022-03-08 06:51:31,809 INFO o.a.j.e.StandardJMeterEngine: Starting ThreadGroup: 1 : UltimateThreadGroup
2022-03-08 06:51:31,810 INFO o.a.j.e.StandardJMeterEngine: Starting 30 threads for group UltimateThreadGroup.
2022-03-08 06:51:31,811 INFO o.a.j.e.StandardJMeterEngine: Thread will continue on error
2022-03-08 06:51:31,812 INFO k.a.j.t.AbstractSimpleThreadGroup: Starting thread group number 1 threads 30
2022-03-08 06:51:31,924 INFO k.a.j.t.AbstractSimpleThreadGroup: Started thread group number 1
2022-03-08 06:51:31,925 INFO o.a.j.e.StandardJMeterEngine: All thread groups have been started
2022-03-08 06:52:01,812 INFO o.a.j.t.JMeterThread: Thread started: UltimateThreadGroup 1-10
2022-03-08 06:52:01,829 INFO o.a.j.p.h.s.HTTPHCAbstractImpl: Local host = abdellah
2022-03-08 06:52:01,847 INFO o.a.j.p.h.s.HTTPHC4Impl: HTTP request retry count = 0
2022-03-08 06:52:18,480 INFO o.a.j.u.JsseSSLManager: Using default SSL protocol: TLS
2022-03-08 06:52:18,481 INFO o.a.j.u.JsseSSLManager: SSL session context: per-thread
2022-03-08 06:52:31,813 INFO o.a.j.t.JMeterThread: Thread started: UltimateThreadGroup 1-9
2022-03-08 06:52:56,591 INFO o.a.j.g.a.Start: Stopping test
2022-03-08 06:52:56,606 INFO o.a.j.t.JMeterThread: Stopping: UltimateThreadGroup 1-9
2022-03-08 06:52:56,606 INFO o.a.j.t.JMeterThread: Stopping: UltimateThreadGroup 1-12
2022-03-08 06:52:56,606 WARN o.a.j.t.JMeterThread: The delay timer was interrupted - probably did not wait as long as intended.
2022-03-08 06:52:56,606 INFO o.a.j.t.JMeterThread: Stopping: UltimateThreadGroup 1-30
2022-03-08 06:52:56,606 INFO o.a.j.t.JMeterThread: Stopping: UltimateThreadGroup 1-10
2022-03-08 06:52:56,607 INFO o.a.j.t.JMeterThread: Thread finished: UltimateThreadGroup 1-9
2022-03-08 06:52:56,606 INFO o.a.j.t.JMeterThread: Thread started: UltimateThreadGroup 1-12
2022-03-08 06:52:56,607 INFO o.a.j.t.JMeterThread: Thread started: UltimateThreadGroup 1-30
2022-03-08 06:52:56,607 INFO o.a.j.t.JMeterThread: Stopping: UltimateThreadGroup 1-5
2022-03-08 06:52:56,607 WARN o.a.j.t.JMeterThread: The delay timer was interrupted - probably did not wait as long as intended.
2022-03-08 06:52:56,607 INFO o.a.j.t.JMeterThread: Stopping: UltimateThreadGroup 1-23
2022-03-08 06:52:56,607 INFO o.a.j.t.JMeterThread: Thread finished: UltimateThreadGroup 1-12
2022-03-08 06:52:56,607 INFO o.a.j.t.JMeterThread: Thread finished: UltimateThreadGroup 1-30
2022-03-08 06:52:56,607 INFO o.a.j.t.JMeterThread: Stopping: UltimateThreadGroup 1-7
2022-03-08 06:52:56,607 INFO o.a.j.t.JMeterThread: Thread finished: UltimateThreadGroup 1-10
2022-03-08 06:52:56,608 INFO o.a.j.t.JMeterThread: Stopping: UltimateThreadGroup 1-19
2022-03-08 06:52:56,608 INFO o.a.j.t.JMeterThread: Stopping: UltimateThreadGroup 1-17
2022-03-08 06:52:56,608 INFO o.a.j.t.JMeterThread: Thread started: UltimateThreadGroup 1-23
2022-03-08 06:52:56,608 INFO o.a.j.t.JMeterThread: Thread started: UltimateThreadGroup 1-7
2022-03-08 06:52:56,607 INFO o.a.j.t.JMeterThread: Thread started: UltimateThreadGroup 1-5
2022-03-08 06:52:56,608 INFO o.a.j.t.JMeterThread: Thread finished: UltimateThreadGroup 1-23
2022-03-08 06:52:56,608 INFO o.a.j.t.JMeterThread: Thread finished: UltimateThreadGroup 1-7
2022-03-08 06:52:56,608 INFO o.a.j.t.JMeterThread: Stopping: UltimateThreadGroup 1-26
2022-03-08 06:52:56,608 INFO o.a.j.t.JMeterThread: Thread finished: UltimateThreadGroup 1-5
2022-03-08 06:52:56,608 INFO o.a.j.t.JMeterThread: Stopping: UltimateThreadGroup 1-15
2022-03-08 06:52:56,608 INFO o.a.j.t.JMeterThread: Thread started: UltimateThreadGroup 1-19
2022-03-08 06:52:56,608 INFO o.a.j.t.JMeterThread: Stopping: UltimateThreadGroup 1-13
2022-03-08 06:52:56,608 INFO o.a.j.t.JMeterThread: Stopping: UltimateThreadGroup 1-6
2022-03-08 06:52:56,608 INFO o.a.j.t.JMeterThread: Stopping: UltimateThreadGroup 1-3
2022-03-08 06:52:56,608 INFO o.a.j.t.JMeterThread: Thread finished: UltimateThreadGroup 1-19
2022-03-08 06:52:56,608 INFO o.a.j.t.JMeterThread: Thread started: UltimateThreadGroup 1-15
2022-03-08 06:52:56,608 INFO o.a.j.t.JMeterThread: Thread started: UltimateThreadGroup 1-6
2022-03-08 06:52:56,608 INFO o.a.j.t.JMeterThread: Stopping: UltimateThreadGroup 1-14
2022-03-08 06:52:56,608 INFO o.a.j.t.JMeterThread: Thread started: UltimateThreadGroup 1-17
2022-03-08 06:52:56,609 INFO o.a.j.t.JMeterThread: Stopping: UltimateThreadGroup 1-25
2022-03-08 06:52:56,608 INFO o.a.j.t.JMeterThread: Thread started: UltimateThreadGroup 1-26
2022-03-08 06:52:56,609 INFO o.a.j.t.JMeterThread: Stopping: UltimateThreadGroup 1-1
2022-03-08 06:52:56,609 INFO o.a.j.t.JMeterThread: Thread finished: UltimateThreadGroup 1-15
2022-03-08 06:52:56,610 INFO o.a.j.t.JMeterThread: Thread finished: UltimateThreadGroup 1-17
2022-03-08 06:52:56,610 INFO o.a.j.t.JMeterThread: Thread started: UltimateThreadGroup 1-14
2022-03-08 06:52:56,610 INFO o.a.j.t.JMeterThread: Thread started: UltimateThreadGroup 1-25
2022-03-08 06:52:56,608 INFO o.a.j.t.JMeterThread: Thread started: UltimateThreadGroup 1-3
2022-03-08 06:52:56,610 INFO o.a.j.t.JMeterThread: Stopping: UltimateThreadGroup 1-4
2022-03-08 06:52:56,610 INFO o.a.j.t.JMeterThread: Stopping: UltimateThreadGroup 1-22
2022-03-08 06:52:56,610 INFO o.a.j.t.JMeterThread: Thread finished: UltimateThreadGroup 1-14
2022-03-08 06:52:56,610 INFO o.a.j.t.JMeterThread: Thread finished: UltimateThreadGroup 1-3
2022-03-08 06:52:56,610 INFO o.a.j.t.JMeterThread: Stopping: UltimateThreadGroup 1-20
2022-03-08 06:52:56,609 INFO o.a.j.t.JMeterThread: Thread finished: UltimateThreadGroup 1-6
2022-03-08 06:52:56,610 INFO o.a.j.t.JMeterThread: Stopping: UltimateThreadGroup 1-29
2022-03-08 06:52:56,610 INFO o.a.j.t.JMeterThread: Thread started: UltimateThreadGroup 1-1
2022-03-08 06:52:56,610 INFO o.a.j.t.JMeterThread: Thread finished: UltimateThreadGroup 1-25
2022-03-08 06:52:56,610 INFO o.a.j.t.JMeterThread: Stopping: UltimateThreadGroup 1-8
2022-03-08 06:52:56,610 INFO o.a.j.t.JMeterThread: Stopping: UltimateThreadGroup 1-21
2022-03-08 06:52:56,610 INFO o.a.j.t.JMeterThread: Thread started: UltimateThreadGroup 1-20
2022-03-08 06:52:56,610 INFO o.a.j.t.JMeterThread: Thread finished: UltimateThreadGroup 1-26
2022-03-08 06:52:56,610 INFO o.a.j.t.JMeterThread: Thread started: UltimateThreadGroup 1-22
2022-03-08 06:52:56,610 INFO o.a.j.t.JMeterThread: Thread started: UltimateThreadGroup 1-8
2022-03-08 06:52:56,610 INFO o.a.j.t.JMeterThread: Thread started: UltimateThreadGroup 1-4
2022-03-08 06:52:56,610 INFO o.a.j.t.JMeterThread: Thread finished: UltimateThreadGroup 1-20
2022-03-08 06:52:56,610 INFO o.a.j.t.JMeterThread: Thread finished: UltimateThreadGroup 1-22
2022-03-08 06:52:56,612 INFO o.a.j.t.JMeterThread: Thread finished: UltimateThreadGroup 1-4
2022-03-08 06:52:56,610 INFO o.a.j.t.JMeterThread: Thread started: UltimateThreadGroup 1-21
2022-03-08 06:52:56,610 INFO o.a.j.t.JMeterThread: Thread started: UltimateThreadGroup 1-13
2022-03-08 06:52:56,610 INFO o.a.j.t.JMeterThread: Thread started: UltimateThreadGroup 1-29
2022-03-08 06:52:56,610 INFO o.a.j.t.JMeterThread: Stopping: UltimateThreadGroup 1-18
2022-03-08 06:52:56,612 INFO o.a.j.t.JMeterThread: Thread finished: UltimateThreadGroup 1-8
2022-03-08 06:52:56,612 INFO o.a.j.t.JMeterThread: Thread finished: UltimateThreadGroup 1-21
2022-03-08 06:52:56,612 INFO o.a.j.t.JMeterThread: Thread finished: UltimateThreadGroup 1-13
2022-03-08 06:52:56,612 INFO o.a.j.t.JMeterThread: Thread finished: UltimateThreadGroup 1-29
2022-03-08 06:52:56,610 INFO o.a.j.t.JMeterThread: Thread finished: UltimateThreadGroup 1-1
2022-03-08 06:52:56,613 INFO o.a.j.t.JMeterThread: Stopping: UltimateThreadGroup 1-24
2022-03-08 06:52:56,613 INFO o.a.j.t.JMeterThread: Stopping: UltimateThreadGroup 1-11
2022-03-08 06:52:56,613 INFO o.a.j.t.JMeterThread: Stopping: UltimateThreadGroup 1-16
2022-03-08 06:52:56,613 INFO o.a.j.t.JMeterThread: Thread started: UltimateThreadGroup 1-18
2022-03-08 06:52:56,613 INFO o.a.j.t.JMeterThread: Stopping: UltimateThreadGroup 1-2
2022-03-08 06:52:56,613 INFO o.a.j.t.JMeterThread: Thread started: UltimateThreadGroup 1-24
2022-03-08 06:52:56,613 INFO o.a.j.t.JMeterThread: Thread started: UltimateThreadGroup 1-11
2022-03-08 06:52:56,613 INFO o.a.j.t.JMeterThread: Stopping: UltimateThreadGroup 1-27
2022-03-08 06:52:56,613 INFO o.a.j.t.JMeterThread: Stopping: UltimateThreadGroup 1-28
2022-03-08 06:52:56,613 INFO o.a.j.t.JMeterThread: Thread finished: UltimateThreadGroup 1-18
2022-03-08 06:52:56,613 INFO o.a.j.t.JMeterThread: Thread finished: UltimateThreadGroup 1-24
2022-03-08 06:52:56,613 INFO o.a.j.t.JMeterThread: Thread finished: UltimateThreadGroup 1-11
2022-03-08 06:52:56,614 INFO o.a.j.t.JMeterThread: Thread started: UltimateThreadGroup 1-2
2022-03-08 06:52:56,614 INFO o.a.j.t.JMeterThread: Thread started: UltimateThreadGroup 1-27
2022-03-08 06:52:56,613 INFO o.a.j.t.JMeterThread: Thread started: UltimateThreadGroup 1-16
2022-03-08 06:52:56,614 INFO o.a.j.t.JMeterThread: Thread started: UltimateThreadGroup 1-28
2022-03-08 06:52:56,614 INFO o.a.j.t.JMeterThread: Thread finished: UltimateThreadGroup 1-27
2022-03-08 06:52:56,614 INFO o.a.j.t.JMeterThread: Thread finished: UltimateThreadGroup 1-2
2022-03-08 06:52:56,614 INFO o.a.j.t.JMeterThread: Thread finished: UltimateThreadGroup 1-16
2022-03-08 06:52:56,614 INFO o.a.j.t.JMeterThread: Thread finished: UltimateThreadGroup 1-28
2022-03-08 06:52:56,615 INFO o.a.j.e.StandardJMeterEngine: Notifying test listeners of end of test
2022-03-08 06:52:56,615 INFO o.a.j.g.u.JMeterMenuBar: setRunning(false, *local*)
2022-03-08 06:55:05,508 INFO o.a.j.e.StandardJMeterEngine: Running the test!
2022-03-08 06:55:05,509 INFO o.a.j.s.SampleEvent: List of sample_variables: []
2022-03-08 06:55:05,514 INFO o.a.j.g.u.JMeterMenuBar: setRunning(true, *local*)
2022-03-08 06:55:05,571 INFO o.a.j.e.StandardJMeterEngine: Starting ThreadGroup: 1 : UltimateThreadGroup
2022-03-08 06:55:05,571 INFO o.a.j.e.StandardJMeterEngine: Starting 30 threads for group UltimateThreadGroup.
2022-03-08 06:55:05,571 INFO o.a.j.e.StandardJMeterEngine: Thread will continue on error
2022-03-08 06:55:05,572 INFO k.a.j.t.AbstractSimpleThreadGroup: Starting thread group number 1 threads 30
2022-03-08 06:55:05,605 INFO k.a.j.t.AbstractSimpleThreadGroup: Started thread group number 1
2022-03-08 06:55:05,606 INFO o.a.j.e.StandardJMeterEngine: All thread groups have been started
2022-03-08 06:55:35,574 INFO o.a.j.t.JMeterThread: Thread started: UltimateThreadGroup 1-10
2022-03-08 06:56:05,573 INFO o.a.j.t.JMeterThread: Thread started: UltimateThreadGroup 1-9
2022-03-08 06:56:35,572 INFO o.a.j.t.JMeterThread: Thread started: UltimateThreadGroup 1-8
2022-03-08 06:56:54,364 INFO o.a.j.g.a.Start: Stopping test
2022-03-08 06:56:54,413 INFO o.a.j.t.JMeterThread: Stopping: UltimateThreadGroup 1-19
2022-03-08 06:56:54,414 INFO o.a.j.t.JMeterThread: Stopping: UltimateThreadGroup 1-4
2022-03-08 06:56:54,414 INFO o.a.j.t.JMeterThread: Stopping: UltimateThreadGroup 1-24
2022-03-08 06:56:54,414 INFO o.a.j.t.JMeterThread: Stopping: UltimateThreadGroup 1-14
2022-03-08 06:56:54,414 INFO o.a.j.t.JMeterThread: Thread started: UltimateThreadGroup 1-19
2022-03-08 06:56:54,414 INFO o.a.j.t.JMeterThread: Thread started: UltimateThreadGroup 1-4
2022-03-08 06:56:54,415 INFO o.a.j.t.JMeterThread: Stopping: UltimateThreadGroup 1-17
2022-03-08 06:56:54,415 INFO o.a.j.t.JMeterThread: Thread started: UltimateThreadGroup 1-24
2022-03-08 06:56:54,415 INFO o.a.j.t.JMeterThread: Stopping: UltimateThreadGroup 1-2
2022-03-08 06:56:54,415 INFO o.a.j.t.JMeterThread: Thread started: UltimateThreadGroup 1-14
2022-03-08 06:56:54,415 INFO o.a.j.t.JMeterThread: Thread finished: UltimateThreadGroup 1-19
2022-03-08 06:56:54,416 INFO o.a.j.t.JMeterThread: Thread finished: UltimateThreadGroup 1-24
2022-03-08 06:56:54,416 INFO o.a.j.t.JMeterThread: Thread finished: UltimateThreadGroup 1-4
2022-03-08 06:56:54,416 INFO o.a.j.t.JMeterThread: Stopping: UltimateThreadGroup 1-21
2022-03-08 06:56:54,416 INFO o.a.j.t.JMeterThread: Thread finished: UltimateThreadGroup 1-14
2022-03-08 06:56:54,416 INFO o.a.j.t.JMeterThread: Thread started: UltimateThreadGroup 1-17
2022-03-08 06:56:54,416 INFO o.a.j.t.JMeterThread: Thread started: UltimateThreadGroup 1-2
2022-03-08 06:56:54,417 INFO o.a.j.t.JMeterThread: Stopping: UltimateThreadGroup 1-27
2022-03-08 06:56:54,418 INFO o.a.j.t.JMeterThread: Stopping: UltimateThreadGroup 1-10
2022-03-08 06:56:54,418 INFO o.a.j.t.JMeterThread: Thread finished: UltimateThreadGroup 1-2
2022-03-08 06:56:54,418 INFO o.a.j.t.JMeterThread: Thread finished: UltimateThreadGroup 1-17
2022-03-08 06:56:54,418 INFO o.a.j.t.JMeterThread: Stopping: UltimateThreadGroup 1-13
2022-03-08 06:56:54,418 INFO o.a.j.t.JMeterThread: Thread started: UltimateThreadGroup 1-21
2022-03-08 06:56:54,418 INFO o.a.j.t.JMeterThread: Thread started: UltimateThreadGroup 1-27
2022-03-08 06:56:54,419 WARN o.a.j.t.JMeterThread: The delay timer was interrupted - probably did not wait as long as intended.
2022-03-08 06:56:54,419 INFO o.a.j.t.JMeterThread: Thread finished: UltimateThreadGroup 1-27
2022-03-08 06:56:54,419 INFO o.a.j.t.JMeterThread: Stopping: UltimateThreadGroup 1-23
2022-03-08 06:56:54,420 INFO o.a.j.t.JMeterThread: Thread finished: UltimateThreadGroup 1-21
2022-03-08 06:56:54,420 INFO o.a.j.t.JMeterThread: Thread finished: UltimateThreadGroup 1-10
2022-03-08 06:56:54,419 INFO o.a.j.t.JMeterThread: Thread started: UltimateThreadGroup 1-13
2022-03-08 06:56:54,420 INFO o.a.j.t.JMeterThread: Stopping: UltimateThreadGroup 1-9
2022-03-08 06:56:54,420 INFO o.a.j.t.JMeterThread: Thread started: UltimateThreadGroup 1-23
2022-03-08 06:56:54,421 WARN o.a.j.t.JMeterThread: The delay timer was interrupted - probably did not wait as long as intended.
2022-03-08 06:56:54,421 INFO o.a.j.t.JMeterThread: Thread finished: UltimateThreadGroup 1-13
2022-03-08 06:56:54,422 INFO o.a.j.t.JMeterThread: Thread finished: UltimateThreadGroup 1-23
2022-03-08 06:56:54,422 INFO o.a.j.t.JMeterThread: Thread finished: UltimateThreadGroup 1-9
2022-03-08 06:56:54,422 INFO o.a.j.t.JMeterThread: Stopping: UltimateThreadGroup 1-11
2022-03-08 06:56:54,424 INFO o.a.j.t.JMeterThread: Stopping: UltimateThreadGroup 1-18
2022-03-08 06:56:54,425 INFO o.a.j.t.JMeterThread: Stopping: UltimateThreadGroup 1-8
2022-03-08 06:56:54,425 INFO o.a.j.t.JMeterThread: Thread started: UltimateThreadGroup 1-11
2022-03-08 06:56:54,425 INFO o.a.j.t.JMeterThread: Stopping: UltimateThreadGroup 1-20
2022-03-08 06:56:54,425 WARN o.a.j.t.JMeterThread: The delay timer was interrupted - probably did not wait as long as intended.
2022-03-08 06:56:54,425 INFO o.a.j.t.JMeterThread: Thread started: UltimateThreadGroup 1-18
2022-03-08 06:56:54,426 INFO o.a.j.t.JMeterThread: Stopping: UltimateThreadGroup 1-22
2022-03-08 06:56:54,426 INFO o.a.j.t.JMeterThread: Thread finished: UltimateThreadGroup 1-11
2022-03-08 06:56:54,426 INFO o.a.j.t.JMeterThread: Thread finished: UltimateThreadGroup 1-8
2022-03-08 06:56:54,427 INFO o.a.j.t.JMeterThread: Stopping: UltimateThreadGroup 1-6
2022-03-08 06:56:54,426 INFO o.a.j.t.JMeterThread: Thread started: UltimateThreadGroup 1-20
2022-03-08 06:56:54,427 INFO o.a.j.t.JMeterThread: Stopping: UltimateThreadGroup 1-3
2022-03-08 06:56:54,427 INFO o.a.j.t.JMeterThread: Thread finished: UltimateThreadGroup 1-18
2022-03-08 06:56:54,427 INFO o.a.j.t.JMeterThread: Thread started: UltimateThreadGroup 1-22
2022-03-08 06:56:54,427 INFO o.a.j.t.JMeterThread: Stopping: UltimateThreadGroup 1-16
2022-03-08 06:56:54,428 INFO o.a.j.t.JMeterThread: Thread finished: UltimateThreadGroup 1-20
2022-03-08 06:56:54,428 INFO o.a.j.t.JMeterThread: Stopping: UltimateThreadGroup 1-29
2022-03-08 06:56:54,428 INFO o.a.j.t.JMeterThread: Thread finished: UltimateThreadGroup 1-22
2022-03-08 06:56:54,428 INFO o.a.j.t.JMeterThread: Thread started: UltimateThreadGroup 1-3
2022-03-08 06:56:54,428 INFO o.a.j.t.JMeterThread: Thread started: UltimateThreadGroup 1-16
2022-03-08 06:56:54,428 INFO o.a.j.t.JMeterThread: Stopping: UltimateThreadGroup 1-5
2022-03-08 06:56:54,428 INFO o.a.j.t.JMeterThread: Thread started: UltimateThreadGroup 1-6
2022-03-08 06:56:54,429 INFO o.a.j.t.JMeterThread: Thread started: UltimateThreadGroup 1-29
2022-03-08 06:56:54,430 INFO o.a.j.t.JMeterThread: Thread finished: UltimateThreadGroup 1-3
2022-03-08 06:56:54,430 INFO o.a.j.t.JMeterThread: Thread finished: UltimateThreadGroup 1-16
2022-03-08 06:56:54,430 INFO o.a.j.t.JMeterThread: Thread finished: UltimateThreadGroup 1-6
2022-03-08 06:56:54,430 INFO o.a.j.t.JMeterThread: Thread finished: UltimateThreadGroup 1-29
2022-03-08 06:56:54,430 INFO o.a.j.t.JMeterThread: Stopping: UltimateThreadGroup 1-26
2022-03-08 06:56:54,430 INFO o.a.j.t.JMeterThread: Thread started: UltimateThreadGroup 1-5
2022-03-08 06:56:54,430 INFO o.a.j.t.JMeterThread: Stopping: UltimateThreadGroup 1-30
2022-03-08 06:56:54,430 INFO o.a.j.t.JMeterThread: Stopping: UltimateThreadGroup 1-12
2022-03-08 06:56:54,430 INFO o.a.j.t.JMeterThread: Thread started: UltimateThreadGroup 1-26
2022-03-08 06:56:54,430 INFO o.a.j.t.JMeterThread: Thread finished: UltimateThreadGroup 1-5
2022-03-08 06:56:54,430 INFO o.a.j.t.JMeterThread: Stopping: UltimateThreadGroup 1-1
2022-03-08 06:56:54,430 INFO o.a.j.t.JMeterThread: Thread started: UltimateThreadGroup 1-30
2022-03-08 06:56:54,430 INFO o.a.j.t.JMeterThread: Thread finished: UltimateThreadGroup 1-26
2022-03-08 06:56:54,430 INFO o.a.j.t.JMeterThread: Stopping: UltimateThreadGroup 1-7
2022-03-08 06:56:54,430 INFO o.a.j.t.JMeterThread: Thread started: UltimateThreadGroup 1-12
2022-03-08 06:56:54,433 INFO o.a.j.t.JMeterThread: Stopping: UltimateThreadGroup 1-28
2022-03-08 06:56:54,433 INFO o.a.j.t.JMeterThread: Thread started: UltimateThreadGroup 1-1
2022-03-08 06:56:54,433 INFO o.a.j.t.JMeterThread: Stopping: UltimateThreadGroup 1-15
2022-03-08 06:56:54,433 INFO o.a.j.t.JMeterThread: Thread started: UltimateThreadGroup 1-7
2022-03-08 06:56:54,434 INFO o.a.j.t.JMeterThread: Thread finished: UltimateThreadGroup 1-1
2022-03-08 06:56:54,434 INFO o.a.j.t.JMeterThread: Thread finished: UltimateThreadGroup 1-30
2022-03-08 06:56:54,433 INFO o.a.j.t.JMeterThread: Thread finished: UltimateThreadGroup 1-12
2022-03-08 06:56:54,435 INFO o.a.j.t.JMeterThread: Thread finished: UltimateThreadGroup 1-7
2022-03-08 06:56:54,435 INFO o.a.j.t.JMeterThread: Stopping: UltimateThreadGroup 1-25
2022-03-08 06:56:54,435 INFO o.a.j.t.JMeterThread: Thread started: UltimateThreadGroup 1-15
2022-03-08 06:56:54,435 INFO o.a.j.t.JMeterThread: Thread started: UltimateThreadGroup 1-28
2022-03-08 06:56:54,437 INFO o.a.j.t.JMeterThread: Thread started: UltimateThreadGroup 1-25
2022-03-08 06:56:54,438 INFO o.a.j.t.JMeterThread: Thread finished: UltimateThreadGroup 1-28
2022-03-08 06:56:54,437 INFO o.a.j.t.JMeterThread: Thread finished: UltimateThreadGroup 1-15
2022-03-08 06:56:54,439 INFO o.a.j.t.JMeterThread: Thread finished: UltimateThreadGroup 1-25
2022-03-08 06:56:54,440 INFO o.a.j.e.StandardJMeterEngine: Notifying test listeners of end of test
2022-03-08 06:56:54,442 INFO o.a.j.g.u.JMeterMenuBar: setRunning(false, *local*)
